<?xml version="1.0" encoding="UTF-8"?>
<testng-results skipped="0" failed="0" total="2" passed="2">
  <reporter-output>
  </reporter-output>
  <suite name="Command line suite" duration-ms="40648" started-at="2015-10-21T14:04:47Z" finished-at="2015-10-21T14:05:28Z">
    <groups>
    </groups>
    <test name="Command line test" duration-ms="40648" started-at="2015-10-21T14:04:47Z" finished-at="2015-10-21T14:05:28Z">
      <class name="com.org.learningMaven.com.org.learningMaven.firstMavenTest">
        <test-method status="PASS" signature="login()" name="login" duration-ms="10957" started-at="2015-10-21T14:05:03Z" finished-at="2015-10-21T14:05:14Z">
        </test-method>
      </class>
      <class name="example.NewTest">
        <test-method status="PASS" signature="beforeTest()" name="beforeTest" is-config="true" duration-ms="15749" started-at="2015-10-21T14:04:47Z" finished-at="2015-10-21T14:05:03Z">
        </test-method>
        <test-method status="PASS" signature="testEasy()" name="testEasy" duration-ms="12744" started-at="2015-10-21T14:05:14Z" finished-at="2015-10-21T14:05:27Z">
        </test-method>
        <test-method status="PASS" signature="afterTest()" name="afterTest" is-config="true" duration-ms="1186" started-at="2015-10-21T14:05:27Z" finished-at="2015-10-21T14:05:28Z">
        </test-method>
      </class>
    </test>
  </suite>
</testng-results>
